2019-04-12,05:46:43.970 :: graphite.render.datalib.fetchData :: lookup and merge of "bib.payment.*" took 0.000458956s
2019-04-12,05:46:45.464 :: graphite.render.datalib.fetchData :: lookup and merge of "bib.payments.amazon" took 7.89165e-05s
2019-04-12,05:46:45.465 :: graphite.render.datalib.fetchData :: lookup and merge of "bib.payments.walmart" took 5.6982e-05s
2019-04-12,06:08:51.404 :: graphite.render.datalib.fetchData :: lookup and merge of "bib.fraud.rate" took 0.000257969s
2019-04-12,06:31:32.935 :: graphite.render.datalib.fetchData :: lookup and merge of "bib.payments.amazon" took 7.79629e-05s
2019-04-12,06:31:32.936 :: graphite.render.datalib.fetchData :: lookup and merge of "bib.payments.walmart" took 7.00951e-05s
2019-04-12,06:31:37.089 :: graphite.render.datalib.fetchData :: lookup and merge of "bib.payment.*" took 9.89437e-05s
2019-04-24,13:31:48.452 :: graphite.render.datalib.fetchData :: lookup and merge of "bib.fraud.rate" took 0.000279903s
2019-04-24,13:31:48.452 :: graphite.render.datalib.fetchData :: lookup and merge of "bib.payments.amazon" took 0.000349998s
2019-04-24,13:31:48.453 :: graphite.render.datalib.fetchData :: lookup and merge of "bib.payment.*" took 0.000236034s
2019-04-24,13:31:48.454 :: graphite.render.datalib.fetchData :: lookup and merge of "bib.payments.walmart" took 6.60419e-05s
2019-04-24,13:31:50.504 :: graphite.render.datalib.fetchData :: lookup and merge of "bib.payment.*" took 5.79357e-05s
2019-04-24,13:31:50.510 :: graphite.render.datalib.fetchData :: lookup and merge of "bib.payments.amazon" took 6.69956e-05s
2019-04-24,13:31:50.511 :: graphite.render.datalib.fetchData :: lookup and merge of "bib.payments.walmart" took 0.000222921s
2019-04-24,13:31:50.591 :: graphite.render.datalib.fetchData :: lookup and merge of "bib.fraud.rate" took 0.000368834s
2019-04-24,13:31:55.439 :: graphite.render.datalib.fetchData :: lookup and merge of "bib.fraud.rate" took 6.50883e-05s
2019-04-24,13:31:55.440 :: graphite.render.datalib.fetchData :: lookup and merge of "bib.payment.*" took 0.000111103s
2019-04-24,13:31:55.455 :: graphite.render.datalib.fetchData :: lookup and merge of "bib.payments.amazon" took 7.39098e-05s
2019-04-24,13:31:55.456 :: graphite.render.datalib.fetchData :: lookup and merge of "bib.payments.walmart" took 6.50883e-05s
2019-04-24,13:32:00.483 :: graphite.render.datalib.fetchData :: lookup and merge of "bib.payment.*" took 7.08103e-05s
2019-04-24,13:32:00.492 :: graphite.render.datalib.fetchData :: lookup and merge of "bib.fraud.rate" took 7.10487e-05s
2019-04-24,13:32:00.500 :: graphite.render.datalib.fetchData :: lookup and merge of "bib.payments.amazon" took 6.50883e-05s
2019-04-24,13:32:00.501 :: graphite.render.datalib.fetchData :: lookup and merge of "bib.payments.walmart" took 4.50611e-05s
