Starting carbon-cache (instance a)
11/04/2019 08:30:30 :: [console] Using sorted write strategy for cache
11/04/2019 08:30:30 :: [console] twistd 18.9.0 (/usr/bin/python 2.7.15) starting up.
11/04/2019 08:30:30 :: [console] reactor class: twisted.internet.epollreactor.EPollReactor.
11/04/2019 08:30:30 :: [console] ServerFactory starting on 7002
11/04/2019 08:30:30 :: [console] Starting factory <twisted.internet.protocol.ServerFactory instance at 0x7f3fe3e363f8>
11/04/2019 08:30:30 :: [console] Installing SIG_IGN for SIGHUP
11/04/2019 08:30:30 :: [console] CarbonReceiverFactory starting on 2003
11/04/2019 08:30:30 :: [console] Starting factory <carbon.protocols.CarbonReceiverFactory instance at 0x7f3fe3ef3368>
11/04/2019 08:30:30 :: [console] CarbonReceiverFactory starting on 2004
11/04/2019 08:30:30 :: [console] Starting factory <carbon.protocols.CarbonReceiverFactory instance at 0x7f3fe424f1b8>
11/04/2019 08:30:36 :: [console] Received SIGTERM, shutting down.
11/04/2019 08:30:36 :: [console] Carbon shutting down.  Update rate not changed
11/04/2019 08:30:36 :: [console] (TCP Port 2004 Closed)
11/04/2019 08:30:36 :: [console] Stopping factory <carbon.protocols.CarbonReceiverFactory instance at 0x7f3fe424f1b8>
11/04/2019 08:30:36 :: [console] (TCP Port 2003 Closed)
11/04/2019 08:30:36 :: [console] Stopping factory <carbon.protocols.CarbonReceiverFactory instance at 0x7f3fe3ef3368>
11/04/2019 08:30:36 :: [console] (TCP Port 7002 Closed)
11/04/2019 08:30:36 :: [console] Stopping factory <twisted.internet.protocol.ServerFactory instance at 0x7f3fe3e363f8>
11/04/2019 08:30:37 :: [console] Main loop terminated.
11/04/2019 08:30:37 :: [console] Server Shut Down.
