Output:
{"id":1,"message":"Datasource added","name":"Local Graphite"}
✔ Datasource local-graphite exported successfully.
✔ 1 datasources exported successfully.
Output:
{"slug":"jet","status":"success","version":1}
✔ Dashboard Jet exported successfully.
Output:
{"slug":"flight-telemetry","status":"success","version":1}
✔ Dashboard flight-telemetry exported successfully.
✔ 2 dashboards exported successfully.
Output:
{"id":1,"message":"Datasource updated","name":"Local Graphite"}
✔ Datasource local-graphite exported successfully.
✔ 1 datasources exported successfully.
Output:
{"message":"A dashboard with the same name already exists","status":"name-exists"}
✘ Dashboard Jet export failed.
Output:
{"slug":"flight-telemetry","status":"success","version":17}
✔ Dashboard flight-telemetry exported successfully.
✔ 1 dashboards exported successfully.
✘ 1 dashboards export failed.
Output:
{"id":1,"message":"Datasource updated","name":"Local Graphite"}
✔ Datasource local-graphite exported successfully.
✔ 1 datasources exported successfully.
Output:
{"message":"A dashboard with the same name already exists","status":"name-exists"}
✘ Dashboard Jet export failed.
Output:
{"slug":"flight-telemetry","status":"success","version":18}
✔ Dashboard flight-telemetry exported successfully.
✔ 1 dashboards exported successfully.
✘ 1 dashboards export failed.
