28 May 17:16:33 - [8] reading config file: /src/statsd/config.js
28 May 17:16:33 - server is up INFO
28 May 17:29:12 - [8] reading config file: /src/statsd/config.js
28 May 17:29:12 - server is up INFO
24 Jun 14:13:06 - [8] reading config file: /src/statsd/config.js
24 Jun 14:13:06 - server is up INFO
24 Jun 14:28:22 - [9] reading config file: /src/statsd/config.js
24 Jun 14:28:22 - server is up INFO
24 Jun 17:04:09 - [8] reading config file: /src/statsd/config.js
24 Jun 17:04:09 - server is up INFO
25 Jun 13:24:21 - [9] reading config file: /src/statsd/config.js
25 Jun 13:24:21 - server is up INFO
25 Jun 13:48:37 - [9] reading config file: /src/statsd/config.js
25 Jun 13:48:37 - server is up INFO
27 Jun 16:47:07 - [9] reading config file: /src/statsd/config.js
27 Jun 16:47:08 - server is up INFO
15 Jul 12:55:50 - [8] reading config file: /src/statsd/config.js
15 Jul 12:55:50 - server is up INFO
15 Jul 13:03:42 - [9] reading config file: /src/statsd/config.js
15 Jul 13:03:42 - server is up INFO
15 Jul 15:42:47 - [10] reading config file: /src/statsd/config.js
15 Jul 15:42:47 - server is up INFO
10 Aug 12:40:25 - [9] reading config file: /src/statsd/config.js
10 Aug 12:40:25 - server is up INFO
