Output:
{"id":1,"message":"Datasource added","name":"Local Graphite"}
✔ Datasource local-graphite exported successfully.
✔ 1 datasources exported successfully.
Output:
{"slug":"jet","status":"success","version":1}
✔ Dashboard Jet exported successfully.
Output:
{"slug":"flight-telemetry","status":"success","version":1}
✔ Dashboard flight-telemetry exported successfully.
✔ 2 dashboards exported successfully.
Output:
{"id":1,"message":"Datasource updated","name":"Local Graphite"}
✔ Datasource local-graphite exported successfully.
✔ 1 datasources exported successfully.
Output:
{"message":"A dashboard with the same name already exists","status":"name-exists"}
✘ Dashboard Jet export failed.
Output:
{"slug":"flight-telemetry","status":"success","version":2}
✔ Dashboard flight-telemetry exported successfully.
✔ 1 dashboards exported successfully.
✘ 1 dashboards export failed.
Output:
{"id":1,"message":"Datasource updated","name":"Local Graphite"}
✔ Datasource local-graphite exported successfully.
✔ 1 datasources exported successfully.
Output:
{"message":"A dashboard with the same name already exists","status":"name-exists"}
✘ Dashboard Jet export failed.
Output:
{"slug":"flight-telemetry","status":"success","version":3}
✔ Dashboard flight-telemetry exported successfully.
✔ 1 dashboards exported successfully.
✘ 1 dashboards export failed.
Output:
{"id":1,"message":"Datasource updated","name":"Local Graphite"}
✔ Datasource local-graphite exported successfully.
✔ 1 datasources exported successfully.
Output:
{"message":"A dashboard with the same name already exists","status":"name-exists"}
✘ Dashboard Jet export failed.
Output:
{"slug":"flight-telemetry","status":"success","version":4}
✔ Dashboard flight-telemetry exported successfully.
✔ 1 dashboards exported successfully.
✘ 1 dashboards export failed.
Output:
{"id":1,"message":"Datasource updated","name":"Local Graphite"}
✔ Datasource local-graphite exported successfully.
✔ 1 datasources exported successfully.
Output:
{"message":"A dashboard with the same name already exists","status":"name-exists"}
✘ Dashboard Jet export failed.
Output:
{"slug":"flight-telemetry","status":"success","version":5}
✔ Dashboard flight-telemetry exported successfully.
✔ 1 dashboards exported successfully.
✘ 1 dashboards export failed.
Output:
{"id":1,"message":"Datasource updated","name":"Local Graphite"}
✔ Datasource local-graphite exported successfully.
✔ 1 datasources exported successfully.
Output:
{"message":"A dashboard with the same name already exists","status":"name-exists"}
✘ Dashboard Jet export failed.
Output:
{"slug":"flight-telemetry","status":"success","version":6}
✔ Dashboard flight-telemetry exported successfully.
✔ 1 dashboards exported successfully.
✘ 1 dashboards export failed.
Output:
{"id":1,"message":"Datasource updated","name":"Local Graphite"}
✔ Datasource local-graphite exported successfully.
✔ 1 datasources exported successfully.
Output:
{"message":"A dashboard with the same name already exists","status":"name-exists"}
✘ Dashboard Jet export failed.
Output:
{"slug":"flight-telemetry","status":"success","version":7}
✔ Dashboard flight-telemetry exported successfully.
✔ 1 dashboards exported successfully.
✘ 1 dashboards export failed.
Output:
{"id":1,"message":"Datasource updated","name":"Local Graphite"}
✔ Datasource local-graphite exported successfully.
✔ 1 datasources exported successfully.
Output:
{"message":"A dashboard with the same name already exists","status":"name-exists"}
✘ Dashboard Jet export failed.
Output:
{"slug":"flight-telemetry","status":"success","version":8}
✔ Dashboard flight-telemetry exported successfully.
✔ 1 dashboards exported successfully.
✘ 1 dashboards export failed.
Output:
{"id":1,"message":"Datasource updated","name":"Local Graphite"}
✔ Datasource local-graphite exported successfully.
✔ 1 datasources exported successfully.
Output:
{"message":"A dashboard with the same name already exists","status":"name-exists"}
✘ Dashboard Jet export failed.
Output:
{"slug":"flight-telemetry","status":"success","version":9}
✔ Dashboard flight-telemetry exported successfully.
✔ 1 dashboards exported successfully.
✘ 1 dashboards export failed.
Output:
{"id":1,"message":"Datasource updated","name":"Local Graphite"}
✔ Datasource local-graphite exported successfully.
✔ 1 datasources exported successfully.
Output:
{"message":"A dashboard with the same name already exists","status":"name-exists"}
✘ Dashboard Jet export failed.
Output:
{"slug":"flight-telemetry","status":"success","version":10}
✔ Dashboard flight-telemetry exported successfully.
✔ 1 dashboards exported successfully.
✘ 1 dashboards export failed.
Output:
{"id":1,"message":"Datasource updated","name":"Local Graphite"}
✔ Datasource local-graphite exported successfully.
✔ 1 datasources exported successfully.
Output:
{"message":"A dashboard with the same name already exists","status":"name-exists"}
✘ Dashboard Jet export failed.
Output:
{"slug":"flight-telemetry","status":"success","version":11}
✔ Dashboard flight-telemetry exported successfully.
✔ 1 dashboards exported successfully.
✘ 1 dashboards export failed.
Output:
{"id":1,"message":"Datasource updated","name":"Local Graphite"}
✔ Datasource local-graphite exported successfully.
✔ 1 datasources exported successfully.
Output:
{"message":"A dashboard with the same name already exists","status":"name-exists"}
✘ Dashboard Jet export failed.
Output:
{"slug":"flight-telemetry","status":"success","version":12}
✔ Dashboard flight-telemetry exported successfully.
✔ 1 dashboards exported successfully.
✘ 1 dashboards export failed.
Output:
{"id":1,"message":"Datasource updated","name":"Local Graphite"}
✔ Datasource local-graphite exported successfully.
✔ 1 datasources exported successfully.
Output:
{"message":"A dashboard with the same name already exists","status":"name-exists"}
✘ Dashboard Jet export failed.
Output:
{"slug":"flight-telemetry","status":"success","version":13}
✔ Dashboard flight-telemetry exported successfully.
✔ 1 dashboards exported successfully.
✘ 1 dashboards export failed.
Output:
{"id":1,"message":"Datasource updated","name":"Local Graphite"}
✔ Datasource local-graphite exported successfully.
✔ 1 datasources exported successfully.
Output:
{"message":"A dashboard with the same name already exists","status":"name-exists"}
✘ Dashboard Jet export failed.
Output:
{"slug":"flight-telemetry","status":"success","version":14}
✔ Dashboard flight-telemetry exported successfully.
✔ 1 dashboards exported successfully.
✘ 1 dashboards export failed.
Output:
{"id":1,"message":"Datasource updated","name":"Local Graphite"}
✔ Datasource local-graphite exported successfully.
✔ 1 datasources exported successfully.
Output:
{"message":"A dashboard with the same name already exists","status":"name-exists"}
✘ Dashboard Jet export failed.
Output:
{"slug":"flight-telemetry","status":"success","version":15}
✔ Dashboard flight-telemetry exported successfully.
✔ 1 dashboards exported successfully.
✘ 1 dashboards export failed.
Output:
{"id":1,"message":"Datasource updated","name":"Local Graphite"}
✔ Datasource local-graphite exported successfully.
✔ 1 datasources exported successfully.
Output:
{"message":"A dashboard with the same name already exists","status":"name-exists"}
✘ Dashboard Jet export failed.
Output:
{"slug":"flight-telemetry","status":"success","version":16}
✔ Dashboard flight-telemetry exported successfully.
✔ 1 dashboards exported successfully.
✘ 1 dashboards export failed.
