[2019-04-11 20:30:42 +0000] [11] [INFO] Starting gunicorn 19.9.0
[2019-04-11 20:30:42 +0000] [11] [INFO] Listening at: http://127.0.0.1:8000 (11)
[2019-04-11 20:30:42 +0000] [11] [INFO] Using worker: sync
[2019-04-11 20:30:42 +0000] [33] [INFO] Booting worker with pid: 33
[2019-04-11 20:30:42 +0000] [34] [INFO] Booting worker with pid: 34
[2019-04-11 20:30:43 +0000] [36] [INFO] Booting worker with pid: 36
[2019-04-11 20:30:43 +0000] [37] [INFO] Booting worker with pid: 37
/opt/graphite/webapp/graphite/local_settings.py:334: UserWarning: SECRET_KEY is set to an unsafe default. This should be set in local_settings.py for better security
/opt/graphite/webapp/graphite/local_settings.py:334: UserWarning: SECRET_KEY is set to an unsafe default. This should be set in local_settings.py for better security
/opt/graphite/webapp/graphite/local_settings.py:334: UserWarning: SECRET_KEY is set to an unsafe default. This should be set in local_settings.py for better security
/opt/graphite/webapp/graphite/local_settings.py:334: UserWarning: SECRET_KEY is set to an unsafe default. This should be set in local_settings.py for better security
/usr/lib/python2.7/site-packages/whitenoise/base.py:104: UserWarning: No directory at: /opt/graphite/static/
  warnings.warn(u'No directory at: {}'.format(root))
/usr/lib/python2.7/site-packages/whitenoise/base.py:104: UserWarning: No directory at: /opt/graphite/static/
  warnings.warn(u'No directory at: {}'.format(root))
/usr/lib/python2.7/site-packages/whitenoise/base.py:104: UserWarning: No directory at: /opt/graphite/static/
  warnings.warn(u'No directory at: {}'.format(root))
/usr/lib/python2.7/site-packages/whitenoise/base.py:104: UserWarning: No directory at: /opt/graphite/static/
  warnings.warn(u'No directory at: {}'.format(root))
[2019-04-11 23:05:08 +0000] [11] [CRITICAL] WORKER TIMEOUT (pid:37)
[2019-04-11 23:05:08 +0000] [37] [INFO] Worker exiting (pid: 37)
[2019-04-11 23:05:08 +0000] [375] [INFO] Booting worker with pid: 375
/opt/graphite/webapp/graphite/local_settings.py:334: UserWarning: SECRET_KEY is set to an unsafe default. This should be set in local_settings.py for better security
/usr/lib/python2.7/site-packages/whitenoise/base.py:104: UserWarning: No directory at: /opt/graphite/static/
  warnings.warn(u'No directory at: {}'.format(root))
[2019-04-12 00:56:39 +0000] [11] [CRITICAL] WORKER TIMEOUT (pid:33)
[2019-04-12 00:56:39 +0000] [11] [CRITICAL] WORKER TIMEOUT (pid:375)
[2019-04-12 00:56:39 +0000] [33] [INFO] Worker exiting (pid: 33)
[2019-04-12 00:56:39 +0000] [375] [INFO] Worker exiting (pid: 375)
[2019-04-12 00:56:39 +0000] [376] [INFO] Booting worker with pid: 376
[2019-04-12 00:56:39 +0000] [377] [INFO] Booting worker with pid: 377
/opt/graphite/webapp/graphite/local_settings.py:334: UserWarning: SECRET_KEY is set to an unsafe default. This should be set in local_settings.py for better security
/opt/graphite/webapp/graphite/local_settings.py:334: UserWarning: SECRET_KEY is set to an unsafe default. This should be set in local_settings.py for better security
/usr/lib/python2.7/site-packages/whitenoise/base.py:104: UserWarning: No directory at: /opt/graphite/static/
  warnings.warn(u'No directory at: {}'.format(root))
/usr/lib/python2.7/site-packages/whitenoise/base.py:104: UserWarning: No directory at: /opt/graphite/static/
  warnings.warn(u'No directory at: {}'.format(root))
[2019-04-12 01:28:04 +0000] [11] [CRITICAL] WORKER TIMEOUT (pid:376)
[2019-04-12 01:28:04 +0000] [11] [CRITICAL] WORKER TIMEOUT (pid:377)
[2019-04-12 01:28:04 +0000] [376] [INFO] Worker exiting (pid: 376)
[2019-04-12 01:28:04 +0000] [377] [INFO] Worker exiting (pid: 377)
[2019-04-12 01:28:04 +0000] [378] [INFO] Booting worker with pid: 378
[2019-04-12 01:28:04 +0000] [379] [INFO] Booting worker with pid: 379
/opt/graphite/webapp/graphite/local_settings.py:334: UserWarning: SECRET_KEY is set to an unsafe default. This should be set in local_settings.py for better security
/opt/graphite/webapp/graphite/local_settings.py:334: UserWarning: SECRET_KEY is set to an unsafe default. This should be set in local_settings.py for better security
/usr/lib/python2.7/site-packages/whitenoise/base.py:104: UserWarning: No directory at: /opt/graphite/static/
  warnings.warn(u'No directory at: {}'.format(root))
/usr/lib/python2.7/site-packages/whitenoise/base.py:104: UserWarning: No directory at: /opt/graphite/static/
  warnings.warn(u'No directory at: {}'.format(root))
[2019-04-12 02:04:35 +0000] [11] [CRITICAL] WORKER TIMEOUT (pid:34)
[2019-04-12 02:04:35 +0000] [11] [CRITICAL] WORKER TIMEOUT (pid:36)
[2019-04-12 02:04:35 +0000] [11] [CRITICAL] WORKER TIMEOUT (pid:378)
[2019-04-12 02:04:35 +0000] [34] [INFO] Worker exiting (pid: 34)
[2019-04-12 02:04:35 +0000] [11] [CRITICAL] WORKER TIMEOUT (pid:379)
[2019-04-12 02:04:35 +0000] [378] [INFO] Worker exiting (pid: 378)
[2019-04-12 02:04:35 +0000] [379] [INFO] Worker exiting (pid: 379)
[2019-04-12 02:04:35 +0000] [36] [INFO] Worker exiting (pid: 36)
[2019-04-12 02:04:35 +0000] [380] [INFO] Booting worker with pid: 380
[2019-04-12 02:04:35 +0000] [381] [INFO] Booting worker with pid: 381
[2019-04-12 02:04:35 +0000] [382] [INFO] Booting worker with pid: 382
[2019-04-12 02:04:35 +0000] [383] [INFO] Booting worker with pid: 383
/opt/graphite/webapp/graphite/local_settings.py:334: UserWarning: SECRET_KEY is set to an unsafe default. This should be set in local_settings.py for better security
/opt/graphite/webapp/graphite/local_settings.py:334: UserWarning: SECRET_KEY is set to an unsafe default. This should be set in local_settings.py for better security
/opt/graphite/webapp/graphite/local_settings.py:334: UserWarning: SECRET_KEY is set to an unsafe default. This should be set in local_settings.py for better security
/opt/graphite/webapp/graphite/local_settings.py:334: UserWarning: SECRET_KEY is set to an unsafe default. This should be set in local_settings.py for better security
/usr/lib/python2.7/site-packages/whitenoise/base.py:104: UserWarning: No directory at: /opt/graphite/static/
  warnings.warn(u'No directory at: {}'.format(root))
/usr/lib/python2.7/site-packages/whitenoise/base.py:104: UserWarning: No directory at: /opt/graphite/static/
  warnings.warn(u'No directory at: {}'.format(root))
/usr/lib/python2.7/site-packages/whitenoise/base.py:104: UserWarning: No directory at: /opt/graphite/static/
  warnings.warn(u'No directory at: {}'.format(root))
/usr/lib/python2.7/site-packages/whitenoise/base.py:104: UserWarning: No directory at: /opt/graphite/static/
  warnings.warn(u'No directory at: {}'.format(root))
[2019-04-12 02:42:25 +0000] [11] [CRITICAL] WORKER TIMEOUT (pid:380)
[2019-04-12 02:42:25 +0000] [11] [CRITICAL] WORKER TIMEOUT (pid:381)
[2019-04-12 02:42:25 +0000] [11] [CRITICAL] WORKER TIMEOUT (pid:382)
[2019-04-12 02:42:25 +0000] [11] [CRITICAL] WORKER TIMEOUT (pid:383)
[2019-04-12 02:42:25 +0000] [380] [INFO] Worker exiting (pid: 380)
[2019-04-12 02:42:25 +0000] [381] [INFO] Worker exiting (pid: 381)
[2019-04-12 02:42:25 +0000] [382] [INFO] Worker exiting (pid: 382)
[2019-04-12 02:42:25 +0000] [383] [INFO] Worker exiting (pid: 383)
[2019-04-12 02:42:25 +0000] [384] [INFO] Booting worker with pid: 384
[2019-04-12 02:42:25 +0000] [386] [INFO] Booting worker with pid: 386
[2019-04-12 02:42:25 +0000] [387] [INFO] Booting worker with pid: 387
[2019-04-12 02:42:25 +0000] [385] [INFO] Booting worker with pid: 385
/opt/graphite/webapp/graphite/local_settings.py:334: UserWarning: SECRET_KEY is set to an unsafe default. This should be set in local_settings.py for better security
/opt/graphite/webapp/graphite/local_settings.py:334: UserWarning: SECRET_KEY is set to an unsafe default. This should be set in local_settings.py for better security
/opt/graphite/webapp/graphite/local_settings.py:334: UserWarning: SECRET_KEY is set to an unsafe default. This should be set in local_settings.py for better security
/opt/graphite/webapp/graphite/local_settings.py:334: UserWarning: SECRET_KEY is set to an unsafe default. This should be set in local_settings.py for better security
/usr/lib/python2.7/site-packages/whitenoise/base.py:104: UserWarning: No directory at: /opt/graphite/static/
  warnings.warn(u'No directory at: {}'.format(root))
/usr/lib/python2.7/site-packages/whitenoise/base.py:104: UserWarning: No directory at: /opt/graphite/static/
  warnings.warn(u'No directory at: {}'.format(root))
/usr/lib/python2.7/site-packages/whitenoise/base.py:104: UserWarning: No directory at: /opt/graphite/static/
  warnings.warn(u'No directory at: {}'.format(root))
/usr/lib/python2.7/site-packages/whitenoise/base.py:104: UserWarning: No directory at: /opt/graphite/static/
  warnings.warn(u'No directory at: {}'.format(root))
[2019-04-12 03:19:10 +0000] [11] [CRITICAL] WORKER TIMEOUT (pid:384)
[2019-04-12 03:19:10 +0000] [384] [INFO] Worker exiting (pid: 384)
[2019-04-12 03:19:10 +0000] [11] [CRITICAL] WORKER TIMEOUT (pid:385)
[2019-04-12 03:19:10 +0000] [385] [INFO] Worker exiting (pid: 385)
[2019-04-12 03:19:10 +0000] [11] [CRITICAL] WORKER TIMEOUT (pid:386)
[2019-04-12 03:19:10 +0000] [11] [CRITICAL] WORKER TIMEOUT (pid:387)
[2019-04-12 03:19:10 +0000] [386] [INFO] Worker exiting (pid: 386)
[2019-04-12 03:19:10 +0000] [387] [INFO] Worker exiting (pid: 387)
[2019-04-12 03:19:10 +0000] [388] [INFO] Booting worker with pid: 388
[2019-04-12 03:19:10 +0000] [389] [INFO] Booting worker with pid: 389
[2019-04-12 03:19:10 +0000] [390] [INFO] Booting worker with pid: 390
[2019-04-12 03:19:10 +0000] [391] [INFO] Booting worker with pid: 391
/opt/graphite/webapp/graphite/local_settings.py:334: UserWarning: SECRET_KEY is set to an unsafe default. This should be set in local_settings.py for better security
/opt/graphite/webapp/graphite/local_settings.py:334: UserWarning: SECRET_KEY is set to an unsafe default. This should be set in local_settings.py for better security
/opt/graphite/webapp/graphite/local_settings.py:334: UserWarning: SECRET_KEY is set to an unsafe default. This should be set in local_settings.py for better security
/opt/graphite/webapp/graphite/local_settings.py:334: UserWarning: SECRET_KEY is set to an unsafe default. This should be set in local_settings.py for better security
/usr/lib/python2.7/site-packages/whitenoise/base.py:104: UserWarning: No directory at: /opt/graphite/static/
  warnings.warn(u'No directory at: {}'.format(root))
/usr/lib/python2.7/site-packages/whitenoise/base.py:104: UserWarning: No directory at: /opt/graphite/static/
  warnings.warn(u'No directory at: {}'.format(root))
/usr/lib/python2.7/site-packages/whitenoise/base.py:104: UserWarning: No directory at: /opt/graphite/static/
  warnings.warn(u'No directory at: {}'.format(root))
/usr/lib/python2.7/site-packages/whitenoise/base.py:104: UserWarning: No directory at: /opt/graphite/static/
  warnings.warn(u'No directory at: {}'.format(root))
[2019-04-12 04:25:39 +0000] [11] [CRITICAL] WORKER TIMEOUT (pid:388)
[2019-04-12 04:25:39 +0000] [11] [CRITICAL] WORKER TIMEOUT (pid:389)
[2019-04-12 04:25:39 +0000] [388] [INFO] Worker exiting (pid: 388)
[2019-04-12 04:25:39 +0000] [389] [INFO] Worker exiting (pid: 389)
[2019-04-12 04:25:39 +0000] [11] [CRITICAL] WORKER TIMEOUT (pid:390)
[2019-04-12 04:25:39 +0000] [11] [CRITICAL] WORKER TIMEOUT (pid:391)
[2019-04-12 04:25:39 +0000] [390] [INFO] Worker exiting (pid: 390)
[2019-04-12 04:25:39 +0000] [391] [INFO] Worker exiting (pid: 391)
[2019-04-12 04:25:39 +0000] [392] [INFO] Booting worker with pid: 392
[2019-04-12 04:25:39 +0000] [393] [INFO] Booting worker with pid: 393
[2019-04-12 04:25:39 +0000] [394] [INFO] Booting worker with pid: 394
[2019-04-12 04:25:39 +0000] [395] [INFO] Booting worker with pid: 395
/opt/graphite/webapp/graphite/local_settings.py:334: UserWarning: SECRET_KEY is set to an unsafe default. This should be set in local_settings.py for better security
/opt/graphite/webapp/graphite/local_settings.py:334: UserWarning: SECRET_KEY is set to an unsafe default. This should be set in local_settings.py for better security
/opt/graphite/webapp/graphite/local_settings.py:334: UserWarning: SECRET_KEY is set to an unsafe default. This should be set in local_settings.py for better security
/opt/graphite/webapp/graphite/local_settings.py:334: UserWarning: SECRET_KEY is set to an unsafe default. This should be set in local_settings.py for better security
/usr/lib/python2.7/site-packages/whitenoise/base.py:104: UserWarning: No directory at: /opt/graphite/static/
  warnings.warn(u'No directory at: {}'.format(root))
/usr/lib/python2.7/site-packages/whitenoise/base.py:104: UserWarning: No directory at: /opt/graphite/static/
  warnings.warn(u'No directory at: {}'.format(root))
/usr/lib/python2.7/site-packages/whitenoise/base.py:104: UserWarning: No directory at: /opt/graphite/static/
  warnings.warn(u'No directory at: {}'.format(root))
/usr/lib/python2.7/site-packages/whitenoise/base.py:104: UserWarning: No directory at: /opt/graphite/static/
  warnings.warn(u'No directory at: {}'.format(root))
[2019-04-12 04:27:54 +0000] [11] [CRITICAL] WORKER TIMEOUT (pid:392)
[2019-04-12 04:27:54 +0000] [11] [CRITICAL] WORKER TIMEOUT (pid:393)
[2019-04-12 04:27:54 +0000] [393] [INFO] Worker exiting (pid: 393)
[2019-04-12 04:27:54 +0000] [392] [INFO] Worker exiting (pid: 392)
[2019-04-12 04:27:54 +0000] [11] [CRITICAL] WORKER TIMEOUT (pid:394)
[2019-04-12 04:27:54 +0000] [11] [CRITICAL] WORKER TIMEOUT (pid:395)
[2019-04-12 04:27:54 +0000] [394] [INFO] Worker exiting (pid: 394)
[2019-04-12 04:27:54 +0000] [395] [INFO] Worker exiting (pid: 395)
[2019-04-12 04:27:55 +0000] [396] [INFO] Booting worker with pid: 396
[2019-04-12 04:27:55 +0000] [397] [INFO] Booting worker with pid: 397
[2019-04-12 04:27:55 +0000] [398] [INFO] Booting worker with pid: 398
[2019-04-12 04:27:55 +0000] [399] [INFO] Booting worker with pid: 399
/opt/graphite/webapp/graphite/local_settings.py:334: UserWarning: SECRET_KEY is set to an unsafe default. This should be set in local_settings.py for better security
/opt/graphite/webapp/graphite/local_settings.py:334: UserWarning: SECRET_KEY is set to an unsafe default. This should be set in local_settings.py for better security
/opt/graphite/webapp/graphite/local_settings.py:334: UserWarning: SECRET_KEY is set to an unsafe default. This should be set in local_settings.py for better security
/opt/graphite/webapp/graphite/local_settings.py:334: UserWarning: SECRET_KEY is set to an unsafe default. This should be set in local_settings.py for better security
/usr/lib/python2.7/site-packages/whitenoise/base.py:104: UserWarning: No directory at: /opt/graphite/static/
  warnings.warn(u'No directory at: {}'.format(root))
/usr/lib/python2.7/site-packages/whitenoise/base.py:104: UserWarning: No directory at: /opt/graphite/static/
  warnings.warn(u'No directory at: {}'.format(root))
/usr/lib/python2.7/site-packages/whitenoise/base.py:104: UserWarning: No directory at: /opt/graphite/static/
  warnings.warn(u'No directory at: {}'.format(root))
/usr/lib/python2.7/site-packages/whitenoise/base.py:104: UserWarning: No directory at: /opt/graphite/static/
  warnings.warn(u'No directory at: {}'.format(root))
[2019-04-12 04:58:14 +0000] [11] [CRITICAL] WORKER TIMEOUT (pid:396)
[2019-04-12 04:58:14 +0000] [11] [CRITICAL] WORKER TIMEOUT (pid:397)
[2019-04-12 04:58:14 +0000] [397] [INFO] Worker exiting (pid: 397)
[2019-04-12 04:58:14 +0000] [396] [INFO] Worker exiting (pid: 396)
[2019-04-12 04:58:14 +0000] [11] [CRITICAL] WORKER TIMEOUT (pid:398)
[2019-04-12 04:58:14 +0000] [11] [CRITICAL] WORKER TIMEOUT (pid:399)
[2019-04-12 04:58:14 +0000] [398] [INFO] Worker exiting (pid: 398)
[2019-04-12 04:58:14 +0000] [399] [INFO] Worker exiting (pid: 399)
[2019-04-12 04:58:14 +0000] [400] [INFO] Booting worker with pid: 400
[2019-04-12 04:58:14 +0000] [401] [INFO] Booting worker with pid: 401
[2019-04-12 04:58:14 +0000] [402] [INFO] Booting worker with pid: 402
[2019-04-12 04:58:14 +0000] [403] [INFO] Booting worker with pid: 403
/opt/graphite/webapp/graphite/local_settings.py:334: UserWarning: SECRET_KEY is set to an unsafe default. This should be set in local_settings.py for better security
/opt/graphite/webapp/graphite/local_settings.py:334: UserWarning: SECRET_KEY is set to an unsafe default. This should be set in local_settings.py for better security
/opt/graphite/webapp/graphite/local_settings.py:334: UserWarning: SECRET_KEY is set to an unsafe default. This should be set in local_settings.py for better security
/usr/lib/python2.7/site-packages/whitenoise/base.py:104: UserWarning: No directory at: /opt/graphite/static/
  warnings.warn(u'No directory at: {}'.format(root))
/usr/lib/python2.7/site-packages/whitenoise/base.py:104: UserWarning: No directory at: /opt/graphite/static/
  warnings.warn(u'No directory at: {}'.format(root))
/usr/lib/python2.7/site-packages/whitenoise/base.py:104: UserWarning: No directory at: /opt/graphite/static/
  warnings.warn(u'No directory at: {}'.format(root))
/opt/graphite/webapp/graphite/local_settings.py:334: UserWarning: SECRET_KEY is set to an unsafe default. This should be set in local_settings.py for better security
/usr/lib/python2.7/site-packages/whitenoise/base.py:104: UserWarning: No directory at: /opt/graphite/static/
  warnings.warn(u'No directory at: {}'.format(root))
[2019-04-12 05:03:21 +0000] [11] [CRITICAL] WORKER TIMEOUT (pid:400)
[2019-04-12 05:03:21 +0000] [400] [INFO] Worker exiting (pid: 400)
[2019-04-12 05:03:21 +0000] [11] [CRITICAL] WORKER TIMEOUT (pid:401)
[2019-04-12 05:03:21 +0000] [11] [CRITICAL] WORKER TIMEOUT (pid:402)
[2019-04-12 05:03:21 +0000] [11] [CRITICAL] WORKER TIMEOUT (pid:403)
[2019-04-12 05:03:21 +0000] [401] [INFO] Worker exiting (pid: 401)
[2019-04-12 05:03:21 +0000] [402] [INFO] Worker exiting (pid: 402)
[2019-04-12 05:03:21 +0000] [403] [INFO] Worker exiting (pid: 403)
[2019-04-12 05:03:21 +0000] [404] [INFO] Booting worker with pid: 404
[2019-04-12 05:03:21 +0000] [405] [INFO] Booting worker with pid: 405
[2019-04-12 05:03:21 +0000] [406] [INFO] Booting worker with pid: 406
[2019-04-12 05:03:21 +0000] [407] [INFO] Booting worker with pid: 407
/opt/graphite/webapp/graphite/local_settings.py:334: UserWarning: SECRET_KEY is set to an unsafe default. This should be set in local_settings.py for better security
/opt/graphite/webapp/graphite/local_settings.py:334: UserWarning: SECRET_KEY is set to an unsafe default. This should be set in local_settings.py for better security
/opt/graphite/webapp/graphite/local_settings.py:334: UserWarning: SECRET_KEY is set to an unsafe default. This should be set in local_settings.py for better security
/opt/graphite/webapp/graphite/local_settings.py:334: UserWarning: SECRET_KEY is set to an unsafe default. This should be set in local_settings.py for better security
/usr/lib/python2.7/site-packages/whitenoise/base.py:104: UserWarning: No directory at: /opt/graphite/static/
  warnings.warn(u'No directory at: {}'.format(root))
/usr/lib/python2.7/site-packages/whitenoise/base.py:104: UserWarning: No directory at: /opt/graphite/static/
  warnings.warn(u'No directory at: {}'.format(root))
/usr/lib/python2.7/site-packages/whitenoise/base.py:104: UserWarning: No directory at: /opt/graphite/static/
  warnings.warn(u'No directory at: {}'.format(root))
/usr/lib/python2.7/site-packages/whitenoise/base.py:104: UserWarning: No directory at: /opt/graphite/static/
  warnings.warn(u'No directory at: {}'.format(root))
[2019-04-12 05:45:56 +0000] [11] [CRITICAL] WORKER TIMEOUT (pid:404)
[2019-04-12 05:45:56 +0000] [404] [INFO] Worker exiting (pid: 404)
[2019-04-12 05:45:56 +0000] [11] [CRITICAL] WORKER TIMEOUT (pid:405)
[2019-04-12 05:45:56 +0000] [405] [INFO] Worker exiting (pid: 405)
[2019-04-12 05:45:56 +0000] [11] [CRITICAL] WORKER TIMEOUT (pid:406)
[2019-04-12 05:45:56 +0000] [11] [CRITICAL] WORKER TIMEOUT (pid:407)
[2019-04-12 05:45:56 +0000] [406] [INFO] Worker exiting (pid: 406)
[2019-04-12 05:45:56 +0000] [407] [INFO] Worker exiting (pid: 407)
[2019-04-12 05:45:57 +0000] [408] [INFO] Booting worker with pid: 408
[2019-04-12 05:45:57 +0000] [410] [INFO] Booting worker with pid: 410
[2019-04-12 05:45:57 +0000] [409] [INFO] Booting worker with pid: 409
[2019-04-12 05:45:57 +0000] [411] [INFO] Booting worker with pid: 411
/opt/graphite/webapp/graphite/local_settings.py:334: UserWarning: SECRET_KEY is set to an unsafe default. This should be set in local_settings.py for better security
/opt/graphite/webapp/graphite/local_settings.py:334: UserWarning: SECRET_KEY is set to an unsafe default. This should be set in local_settings.py for better security
/opt/graphite/webapp/graphite/local_settings.py:334: UserWarning: SECRET_KEY is set to an unsafe default. This should be set in local_settings.py for better security
/opt/graphite/webapp/graphite/local_settings.py:334: UserWarning: SECRET_KEY is set to an unsafe default. This should be set in local_settings.py for better security
/usr/lib/python2.7/site-packages/whitenoise/base.py:104: UserWarning: No directory at: /opt/graphite/static/
  warnings.warn(u'No directory at: {}'.format(root))
/usr/lib/python2.7/site-packages/whitenoise/base.py:104: UserWarning: No directory at: /opt/graphite/static/
  warnings.warn(u'No directory at: {}'.format(root))
/usr/lib/python2.7/site-packages/whitenoise/base.py:104: UserWarning: No directory at: /opt/graphite/static/
  warnings.warn(u'No directory at: {}'.format(root))
/usr/lib/python2.7/site-packages/whitenoise/base.py:104: UserWarning: No directory at: /opt/graphite/static/
  warnings.warn(u'No directory at: {}'.format(root))
[2019-04-12 07:53:27 +0000] [11] [CRITICAL] WORKER TIMEOUT (pid:409)
[2019-04-12 07:53:27 +0000] [409] [INFO] Worker exiting (pid: 409)
[2019-04-12 07:53:28 +0000] [436] [INFO] Booting worker with pid: 436
/opt/graphite/webapp/graphite/local_settings.py:334: UserWarning: SECRET_KEY is set to an unsafe default. This should be set in local_settings.py for better security
/usr/lib/python2.7/site-packages/whitenoise/base.py:104: UserWarning: No directory at: /opt/graphite/static/
  warnings.warn(u'No directory at: {}'.format(root))
[2019-04-12 08:24:55 +0000] [11] [CRITICAL] WORKER TIMEOUT (pid:436)
[2019-04-12 08:24:55 +0000] [11] [CRITICAL] WORKER TIMEOUT (pid:408)
[2019-04-12 08:24:55 +0000] [436] [INFO] Worker exiting (pid: 436)
[2019-04-12 08:24:55 +0000] [11] [CRITICAL] WORKER TIMEOUT (pid:410)
[2019-04-12 08:24:55 +0000] [11] [CRITICAL] WORKER TIMEOUT (pid:411)
[2019-04-12 08:24:55 +0000] [408] [INFO] Worker exiting (pid: 408)
[2019-04-12 08:24:55 +0000] [411] [INFO] Worker exiting (pid: 411)
[2019-04-12 08:24:55 +0000] [410] [INFO] Worker exiting (pid: 410)
[2019-04-12 08:24:55 +0000] [437] [INFO] Booting worker with pid: 437
/opt/graphite/webapp/graphite/local_settings.py:334: UserWarning: SECRET_KEY is set to an unsafe default. This should be set in local_settings.py for better security
[2019-04-12 08:24:55 +0000] [438] [INFO] Booting worker with pid: 438
[2019-04-12 08:24:55 +0000] [440] [INFO] Booting worker with pid: 440
[2019-04-12 08:24:55 +0000] [439] [INFO] Booting worker with pid: 439
/usr/lib/python2.7/site-packages/whitenoise/base.py:104: UserWarning: No directory at: /opt/graphite/static/
  warnings.warn(u'No directory at: {}'.format(root))
/opt/graphite/webapp/graphite/local_settings.py:334: UserWarning: SECRET_KEY is set to an unsafe default. This should be set in local_settings.py for better security
/opt/graphite/webapp/graphite/local_settings.py:334: UserWarning: SECRET_KEY is set to an unsafe default. This should be set in local_settings.py for better security
/opt/graphite/webapp/graphite/local_settings.py:334: UserWarning: SECRET_KEY is set to an unsafe default. This should be set in local_settings.py for better security
/usr/lib/python2.7/site-packages/whitenoise/base.py:104: UserWarning: No directory at: /opt/graphite/static/
  warnings.warn(u'No directory at: {}'.format(root))
/usr/lib/python2.7/site-packages/whitenoise/base.py:104: UserWarning: No directory at: /opt/graphite/static/
  warnings.warn(u'No directory at: {}'.format(root))
/usr/lib/python2.7/site-packages/whitenoise/base.py:104: UserWarning: No directory at: /opt/graphite/static/
  warnings.warn(u'No directory at: {}'.format(root))
[2019-04-12 08:39:50 +0000] [11] [CRITICAL] WORKER TIMEOUT (pid:437)
[2019-04-12 08:39:50 +0000] [11] [CRITICAL] WORKER TIMEOUT (pid:438)
[2019-04-12 08:39:50 +0000] [11] [CRITICAL] WORKER TIMEOUT (pid:439)
[2019-04-12 08:39:50 +0000] [11] [CRITICAL] WORKER TIMEOUT (pid:440)
[2019-04-12 08:39:50 +0000] [437] [INFO] Worker exiting (pid: 437)
[2019-04-12 08:39:50 +0000] [440] [INFO] Worker exiting (pid: 440)
[2019-04-12 08:39:50 +0000] [438] [INFO] Worker exiting (pid: 438)
[2019-04-12 08:39:50 +0000] [439] [INFO] Worker exiting (pid: 439)
[2019-04-12 08:39:50 +0000] [453] [INFO] Booting worker with pid: 453
[2019-04-12 08:39:50 +0000] [454] [INFO] Booting worker with pid: 454
[2019-04-12 08:39:50 +0000] [455] [INFO] Booting worker with pid: 455
[2019-04-12 08:39:50 +0000] [456] [INFO] Booting worker with pid: 456
/opt/graphite/webapp/graphite/local_settings.py:334: UserWarning: SECRET_KEY is set to an unsafe default. This should be set in local_settings.py for better security
/opt/graphite/webapp/graphite/local_settings.py:334: UserWarning: SECRET_KEY is set to an unsafe default. This should be set in local_settings.py for better security
/opt/graphite/webapp/graphite/local_settings.py:334: UserWarning: SECRET_KEY is set to an unsafe default. This should be set in local_settings.py for better security
/opt/graphite/webapp/graphite/local_settings.py:334: UserWarning: SECRET_KEY is set to an unsafe default. This should be set in local_settings.py for better security
/usr/lib/python2.7/site-packages/whitenoise/base.py:104: UserWarning: No directory at: /opt/graphite/static/
  warnings.warn(u'No directory at: {}'.format(root))
/usr/lib/python2.7/site-packages/whitenoise/base.py:104: UserWarning: No directory at: /opt/graphite/static/
  warnings.warn(u'No directory at: {}'.format(root))
/usr/lib/python2.7/site-packages/whitenoise/base.py:104: UserWarning: No directory at: /opt/graphite/static/
  warnings.warn(u'No directory at: {}'.format(root))
/usr/lib/python2.7/site-packages/whitenoise/base.py:104: UserWarning: No directory at: /opt/graphite/static/
  warnings.warn(u'No directory at: {}'.format(root))
[2019-04-12 09:02:00 +0000] [11] [CRITICAL] WORKER TIMEOUT (pid:453)
[2019-04-12 09:02:00 +0000] [453] [INFO] Worker exiting (pid: 453)
[2019-04-12 09:02:00 +0000] [11] [CRITICAL] WORKER TIMEOUT (pid:454)
[2019-04-12 09:02:00 +0000] [11] [CRITICAL] WORKER TIMEOUT (pid:455)
[2019-04-12 09:02:00 +0000] [11] [CRITICAL] WORKER TIMEOUT (pid:456)
[2019-04-12 09:02:00 +0000] [454] [INFO] Worker exiting (pid: 454)
[2019-04-12 09:02:00 +0000] [455] [INFO] Worker exiting (pid: 455)
[2019-04-12 09:02:00 +0000] [456] [INFO] Worker exiting (pid: 456)
[2019-04-12 09:02:01 +0000] [457] [INFO] Booting worker with pid: 457
[2019-04-12 09:02:01 +0000] [458] [INFO] Booting worker with pid: 458
[2019-04-12 09:02:01 +0000] [459] [INFO] Booting worker with pid: 459
[2019-04-12 09:02:01 +0000] [460] [INFO] Booting worker with pid: 460
/opt/graphite/webapp/graphite/local_settings.py:334: UserWarning: SECRET_KEY is set to an unsafe default. This should be set in local_settings.py for better security
/opt/graphite/webapp/graphite/local_settings.py:334: UserWarning: SECRET_KEY is set to an unsafe default. This should be set in local_settings.py for better security
/opt/graphite/webapp/graphite/local_settings.py:334: UserWarning: SECRET_KEY is set to an unsafe default. This should be set in local_settings.py for better security
/usr/lib/python2.7/site-packages/whitenoise/base.py:104: UserWarning: No directory at: /opt/graphite/static/
  warnings.warn(u'No directory at: {}'.format(root))
/usr/lib/python2.7/site-packages/whitenoise/base.py:104: UserWarning: No directory at: /opt/graphite/static/
  warnings.warn(u'No directory at: {}'.format(root))
/opt/graphite/webapp/graphite/local_settings.py:334: UserWarning: SECRET_KEY is set to an unsafe default. This should be set in local_settings.py for better security
/usr/lib/python2.7/site-packages/whitenoise/base.py:104: UserWarning: No directory at: /opt/graphite/static/
  warnings.warn(u'No directory at: {}'.format(root))
/usr/lib/python2.7/site-packages/whitenoise/base.py:104: UserWarning: No directory at: /opt/graphite/static/
  warnings.warn(u'No directory at: {}'.format(root))
[2019-04-12 09:14:21 +0000] [11] [CRITICAL] WORKER TIMEOUT (pid:457)
[2019-04-12 09:14:21 +0000] [457] [INFO] Worker exiting (pid: 457)
[2019-04-12 09:14:21 +0000] [11] [CRITICAL] WORKER TIMEOUT (pid:458)
[2019-04-12 09:14:21 +0000] [458] [INFO] Worker exiting (pid: 458)
[2019-04-12 09:14:21 +0000] [11] [CRITICAL] WORKER TIMEOUT (pid:459)
[2019-04-12 09:14:21 +0000] [11] [CRITICAL] WORKER TIMEOUT (pid:460)
[2019-04-12 09:14:21 +0000] [459] [INFO] Worker exiting (pid: 459)
[2019-04-12 09:14:21 +0000] [460] [INFO] Worker exiting (pid: 460)
[2019-04-12 09:14:21 +0000] [461] [INFO] Booting worker with pid: 461
[2019-04-12 09:14:21 +0000] [462] [INFO] Booting worker with pid: 462
[2019-04-12 09:14:21 +0000] [463] [INFO] Booting worker with pid: 463
[2019-04-12 09:14:21 +0000] [464] [INFO] Booting worker with pid: 464
/opt/graphite/webapp/graphite/local_settings.py:334: UserWarning: SECRET_KEY is set to an unsafe default. This should be set in local_settings.py for better security
/opt/graphite/webapp/graphite/local_settings.py:334: UserWarning: SECRET_KEY is set to an unsafe default. This should be set in local_settings.py for better security
/opt/graphite/webapp/graphite/local_settings.py:334: UserWarning: SECRET_KEY is set to an unsafe default. This should be set in local_settings.py for better security
/opt/graphite/webapp/graphite/local_settings.py:334: UserWarning: SECRET_KEY is set to an unsafe default. This should be set in local_settings.py for better security
/usr/lib/python2.7/site-packages/whitenoise/base.py:104: UserWarning: No directory at: /opt/graphite/static/
  warnings.warn(u'No directory at: {}'.format(root))
/usr/lib/python2.7/site-packages/whitenoise/base.py:104: UserWarning: No directory at: /opt/graphite/static/
  warnings.warn(u'No directory at: {}'.format(root))
/usr/lib/python2.7/site-packages/whitenoise/base.py:104: UserWarning: No directory at: /opt/graphite/static/
  warnings.warn(u'No directory at: {}'.format(root))
/usr/lib/python2.7/site-packages/whitenoise/base.py:104: UserWarning: No directory at: /opt/graphite/static/
  warnings.warn(u'No directory at: {}'.format(root))
[2019-04-12 10:07:13 +0000] [11] [CRITICAL] WORKER TIMEOUT (pid:464)
[2019-04-12 10:07:13 +0000] [11] [CRITICAL] WORKER TIMEOUT (pid:461)
[2019-04-12 10:07:13 +0000] [11] [CRITICAL] WORKER TIMEOUT (pid:462)
[2019-04-12 10:07:13 +0000] [11] [CRITICAL] WORKER TIMEOUT (pid:463)
[2019-04-12 10:07:13 +0000] [462] [INFO] Worker exiting (pid: 462)
[2019-04-12 10:07:13 +0000] [464] [INFO] Worker exiting (pid: 464)
[2019-04-12 10:07:13 +0000] [461] [INFO] Worker exiting (pid: 461)
[2019-04-12 10:07:13 +0000] [463] [INFO] Worker exiting (pid: 463)
[2019-04-12 10:07:14 +0000] [465] [INFO] Booting worker with pid: 465
[2019-04-12 10:07:14 +0000] [466] [INFO] Booting worker with pid: 466
[2019-04-12 10:07:14 +0000] [467] [INFO] Booting worker with pid: 467
/opt/graphite/webapp/graphite/local_settings.py:334: UserWarning: SECRET_KEY is set to an unsafe default. This should be set in local_settings.py for better security
/opt/graphite/webapp/graphite/local_settings.py:334: UserWarning: SECRET_KEY is set to an unsafe default. This should be set in local_settings.py for better security
[2019-04-12 10:07:14 +0000] [468] [INFO] Booting worker with pid: 468
/usr/lib/python2.7/site-packages/whitenoise/base.py:104: UserWarning: No directory at: /opt/graphite/static/
  warnings.warn(u'No directory at: {}'.format(root))
/usr/lib/python2.7/site-packages/whitenoise/base.py:104: UserWarning: No directory at: /opt/graphite/static/
  warnings.warn(u'No directory at: {}'.format(root))
/opt/graphite/webapp/graphite/local_settings.py:334: UserWarning: SECRET_KEY is set to an unsafe default. This should be set in local_settings.py for better security
/opt/graphite/webapp/graphite/local_settings.py:334: UserWarning: SECRET_KEY is set to an unsafe default. This should be set in local_settings.py for better security
/usr/lib/python2.7/site-packages/whitenoise/base.py:104: UserWarning: No directory at: /opt/graphite/static/
  warnings.warn(u'No directory at: {}'.format(root))
/usr/lib/python2.7/site-packages/whitenoise/base.py:104: UserWarning: No directory at: /opt/graphite/static/
  warnings.warn(u'No directory at: {}'.format(root))
[2019-04-12 10:46:25 +0000] [11] [CRITICAL] WORKER TIMEOUT (pid:465)
[2019-04-12 10:46:25 +0000] [11] [CRITICAL] WORKER TIMEOUT (pid:466)
[2019-04-12 10:46:25 +0000] [11] [CRITICAL] WORKER TIMEOUT (pid:467)
[2019-04-12 10:46:25 +0000] [465] [INFO] Worker exiting (pid: 465)
[2019-04-12 10:46:25 +0000] [466] [INFO] Worker exiting (pid: 466)
[2019-04-12 10:46:25 +0000] [11] [CRITICAL] WORKER TIMEOUT (pid:468)
[2019-04-12 10:46:25 +0000] [467] [INFO] Worker exiting (pid: 467)
[2019-04-12 10:46:25 +0000] [468] [INFO] Worker exiting (pid: 468)
[2019-04-12 10:46:25 +0000] [469] [INFO] Booting worker with pid: 469
[2019-04-12 10:46:25 +0000] [470] [INFO] Booting worker with pid: 470
[2019-04-12 10:46:25 +0000] [471] [INFO] Booting worker with pid: 471
[2019-04-12 10:46:25 +0000] [472] [INFO] Booting worker with pid: 472
/opt/graphite/webapp/graphite/local_settings.py:334: UserWarning: SECRET_KEY is set to an unsafe default. This should be set in local_settings.py for better security
/opt/graphite/webapp/graphite/local_settings.py:334: UserWarning: SECRET_KEY is set to an unsafe default. This should be set in local_settings.py for better security
/opt/graphite/webapp/graphite/local_settings.py:334: UserWarning: SECRET_KEY is set to an unsafe default. This should be set in local_settings.py for better security
/opt/graphite/webapp/graphite/local_settings.py:334: UserWarning: SECRET_KEY is set to an unsafe default. This should be set in local_settings.py for better security
/usr/lib/python2.7/site-packages/whitenoise/base.py:104: UserWarning: No directory at: /opt/graphite/static/
  warnings.warn(u'No directory at: {}'.format(root))
/usr/lib/python2.7/site-packages/whitenoise/base.py:104: UserWarning: No directory at: /opt/graphite/static/
  warnings.warn(u'No directory at: {}'.format(root))
/usr/lib/python2.7/site-packages/whitenoise/base.py:104: UserWarning: No directory at: /opt/graphite/static/
  warnings.warn(u'No directory at: {}'.format(root))
/usr/lib/python2.7/site-packages/whitenoise/base.py:104: UserWarning: No directory at: /opt/graphite/static/
  warnings.warn(u'No directory at: {}'.format(root))
[2019-04-12 11:03:24 +0000] [11] [CRITICAL] WORKER TIMEOUT (pid:469)
[2019-04-12 11:03:24 +0000] [469] [INFO] Worker exiting (pid: 469)
[2019-04-12 11:03:24 +0000] [11] [CRITICAL] WORKER TIMEOUT (pid:470)
[2019-04-12 11:03:24 +0000] [11] [CRITICAL] WORKER TIMEOUT (pid:471)
[2019-04-12 11:03:24 +0000] [11] [CRITICAL] WORKER TIMEOUT (pid:472)
[2019-04-12 11:03:24 +0000] [470] [INFO] Worker exiting (pid: 470)
[2019-04-12 11:03:24 +0000] [471] [INFO] Worker exiting (pid: 471)
[2019-04-12 11:03:24 +0000] [472] [INFO] Worker exiting (pid: 472)
[2019-04-12 11:03:24 +0000] [473] [INFO] Booting worker with pid: 473
[2019-04-12 11:03:24 +0000] [474] [INFO] Booting worker with pid: 474
[2019-04-12 11:03:24 +0000] [475] [INFO] Booting worker with pid: 475
[2019-04-12 11:03:24 +0000] [476] [INFO] Booting worker with pid: 476
/opt/graphite/webapp/graphite/local_settings.py:334: UserWarning: SECRET_KEY is set to an unsafe default. This should be set in local_settings.py for better security
/opt/graphite/webapp/graphite/local_settings.py:334: UserWarning: SECRET_KEY is set to an unsafe default. This should be set in local_settings.py for better security
/opt/graphite/webapp/graphite/local_settings.py:334: UserWarning: SECRET_KEY is set to an unsafe default. This should be set in local_settings.py for better security
/opt/graphite/webapp/graphite/local_settings.py:334: UserWarning: SECRET_KEY is set to an unsafe default. This should be set in local_settings.py for better security
/usr/lib/python2.7/site-packages/whitenoise/base.py:104: UserWarning: No directory at: /opt/graphite/static/
  warnings.warn(u'No directory at: {}'.format(root))
/usr/lib/python2.7/site-packages/whitenoise/base.py:104: UserWarning: No directory at: /opt/graphite/static/
  warnings.warn(u'No directory at: {}'.format(root))
/usr/lib/python2.7/site-packages/whitenoise/base.py:104: UserWarning: No directory at: /opt/graphite/static/
  warnings.warn(u'No directory at: {}'.format(root))
/usr/lib/python2.7/site-packages/whitenoise/base.py:104: UserWarning: No directory at: /opt/graphite/static/
  warnings.warn(u'No directory at: {}'.format(root))
[2019-04-12 11:06:15 +0000] [11] [CRITICAL] WORKER TIMEOUT (pid:473)
[2019-04-12 11:06:15 +0000] [11] [CRITICAL] WORKER TIMEOUT (pid:474)
[2019-04-12 11:06:15 +0000] [11] [CRITICAL] WORKER TIMEOUT (pid:475)
[2019-04-12 11:06:15 +0000] [11] [CRITICAL] WORKER TIMEOUT (pid:476)
[2019-04-12 11:06:15 +0000] [473] [INFO] Worker exiting (pid: 473)
[2019-04-12 11:06:15 +0000] [474] [INFO] Worker exiting (pid: 474)
[2019-04-12 11:06:15 +0000] [476] [INFO] Worker exiting (pid: 476)
[2019-04-12 11:06:15 +0000] [475] [INFO] Worker exiting (pid: 475)
[2019-04-12 11:06:16 +0000] [477] [INFO] Booting worker with pid: 477
[2019-04-12 11:06:16 +0000] [478] [INFO] Booting worker with pid: 478
[2019-04-12 11:06:16 +0000] [479] [INFO] Booting worker with pid: 479
[2019-04-12 11:06:16 +0000] [480] [INFO] Booting worker with pid: 480
/opt/graphite/webapp/graphite/local_settings.py:334: UserWarning: SECRET_KEY is set to an unsafe default. This should be set in local_settings.py for better security
/opt/graphite/webapp/graphite/local_settings.py:334: UserWarning: SECRET_KEY is set to an unsafe default. This should be set in local_settings.py for better security
/opt/graphite/webapp/graphite/local_settings.py:334: UserWarning: SECRET_KEY is set to an unsafe default. This should be set in local_settings.py for better security
/opt/graphite/webapp/graphite/local_settings.py:334: UserWarning: SECRET_KEY is set to an unsafe default. This should be set in local_settings.py for better security
/usr/lib/python2.7/site-packages/whitenoise/base.py:104: UserWarning: No directory at: /opt/graphite/static/
  warnings.warn(u'No directory at: {}'.format(root))
/usr/lib/python2.7/site-packages/whitenoise/base.py:104: UserWarning: No directory at: /opt/graphite/static/
  warnings.warn(u'No directory at: {}'.format(root))
/usr/lib/python2.7/site-packages/whitenoise/base.py:104: UserWarning: No directory at: /opt/graphite/static/
  warnings.warn(u'No directory at: {}'.format(root))
/usr/lib/python2.7/site-packages/whitenoise/base.py:104: UserWarning: No directory at: /opt/graphite/static/
  warnings.warn(u'No directory at: {}'.format(root))
[2019-04-12 13:06:19 +0000] [11] [CRITICAL] WORKER TIMEOUT (pid:480)
[2019-04-12 13:06:19 +0000] [11] [CRITICAL] WORKER TIMEOUT (pid:477)
[2019-04-12 13:06:19 +0000] [480] [INFO] Worker exiting (pid: 480)
[2019-04-12 13:06:19 +0000] [477] [INFO] Worker exiting (pid: 477)
[2019-04-12 13:06:19 +0000] [11] [CRITICAL] WORKER TIMEOUT (pid:478)
[2019-04-12 13:06:19 +0000] [11] [CRITICAL] WORKER TIMEOUT (pid:479)
[2019-04-12 13:06:19 +0000] [478] [INFO] Worker exiting (pid: 478)
[2019-04-12 13:06:19 +0000] [479] [INFO] Worker exiting (pid: 479)
[2019-04-12 13:06:19 +0000] [481] [INFO] Booting worker with pid: 481
[2019-04-12 13:06:19 +0000] [482] [INFO] Booting worker with pid: 482
[2019-04-12 13:06:19 +0000] [483] [INFO] Booting worker with pid: 483
[2019-04-12 13:06:19 +0000] [484] [INFO] Booting worker with pid: 484
/opt/graphite/webapp/graphite/local_settings.py:334: UserWarning: SECRET_KEY is set to an unsafe default. This should be set in local_settings.py for better security
/opt/graphite/webapp/graphite/local_settings.py:334: UserWarning: SECRET_KEY is set to an unsafe default. This should be set in local_settings.py for better security
/opt/graphite/webapp/graphite/local_settings.py:334: UserWarning: SECRET_KEY is set to an unsafe default. This should be set in local_settings.py for better security
/opt/graphite/webapp/graphite/local_settings.py:334: UserWarning: SECRET_KEY is set to an unsafe default. This should be set in local_settings.py for better security
/usr/lib/python2.7/site-packages/whitenoise/base.py:104: UserWarning: No directory at: /opt/graphite/static/
  warnings.warn(u'No directory at: {}'.format(root))
/usr/lib/python2.7/site-packages/whitenoise/base.py:104: UserWarning: No directory at: /opt/graphite/static/
  warnings.warn(u'No directory at: {}'.format(root))
/usr/lib/python2.7/site-packages/whitenoise/base.py:104: UserWarning: No directory at: /opt/graphite/static/
  warnings.warn(u'No directory at: {}'.format(root))
/usr/lib/python2.7/site-packages/whitenoise/base.py:104: UserWarning: No directory at: /opt/graphite/static/
  warnings.warn(u'No directory at: {}'.format(root))
[2019-04-12 13:17:41 +0000] [11] [CRITICAL] WORKER TIMEOUT (pid:481)
[2019-04-12 13:17:41 +0000] [11] [CRITICAL] WORKER TIMEOUT (pid:482)
[2019-04-12 13:17:41 +0000] [11] [CRITICAL] WORKER TIMEOUT (pid:483)
[2019-04-12 13:17:41 +0000] [481] [INFO] Worker exiting (pid: 481)
[2019-04-12 13:17:41 +0000] [482] [INFO] Worker exiting (pid: 482)
[2019-04-12 13:17:41 +0000] [483] [INFO] Worker exiting (pid: 483)
[2019-04-12 13:17:41 +0000] [11] [CRITICAL] WORKER TIMEOUT (pid:484)
[2019-04-12 13:17:41 +0000] [484] [INFO] Worker exiting (pid: 484)
[2019-04-12 13:17:41 +0000] [485] [INFO] Booting worker with pid: 485
[2019-04-12 13:17:41 +0000] [486] [INFO] Booting worker with pid: 486
[2019-04-12 13:17:41 +0000] [487] [INFO] Booting worker with pid: 487
[2019-04-12 13:17:41 +0000] [488] [INFO] Booting worker with pid: 488
/opt/graphite/webapp/graphite/local_settings.py:334: UserWarning: SECRET_KEY is set to an unsafe default. This should be set in local_settings.py for better security
/opt/graphite/webapp/graphite/local_settings.py:334: UserWarning: SECRET_KEY is set to an unsafe default. This should be set in local_settings.py for better security
/opt/graphite/webapp/graphite/local_settings.py:334: UserWarning: SECRET_KEY is set to an unsafe default. This should be set in local_settings.py for better security
/opt/graphite/webapp/graphite/local_settings.py:334: UserWarning: SECRET_KEY is set to an unsafe default. This should be set in local_settings.py for better security
/usr/lib/python2.7/site-packages/whitenoise/base.py:104: UserWarning: No directory at: /opt/graphite/static/
  warnings.warn(u'No directory at: {}'.format(root))
/usr/lib/python2.7/site-packages/whitenoise/base.py:104: UserWarning: No directory at: /opt/graphite/static/
  warnings.warn(u'No directory at: {}'.format(root))
/usr/lib/python2.7/site-packages/whitenoise/base.py:104: UserWarning: No directory at: /opt/graphite/static/
  warnings.warn(u'No directory at: {}'.format(root))
/usr/lib/python2.7/site-packages/whitenoise/base.py:104: UserWarning: No directory at: /opt/graphite/static/
  warnings.warn(u'No directory at: {}'.format(root))
[2019-04-12 13:31:22 +0000] [11] [CRITICAL] WORKER TIMEOUT (pid:485)
[2019-04-12 13:31:22 +0000] [485] [INFO] Worker exiting (pid: 485)
[2019-04-12 13:31:22 +0000] [11] [CRITICAL] WORKER TIMEOUT (pid:486)
[2019-04-12 13:31:22 +0000] [486] [INFO] Worker exiting (pid: 486)
[2019-04-12 13:31:22 +0000] [11] [CRITICAL] WORKER TIMEOUT (pid:487)
[2019-04-12 13:31:22 +0000] [11] [CRITICAL] WORKER TIMEOUT (pid:488)
[2019-04-12 13:31:22 +0000] [487] [INFO] Worker exiting (pid: 487)
[2019-04-12 13:31:22 +0000] [488] [INFO] Worker exiting (pid: 488)
[2019-04-12 13:31:22 +0000] [489] [INFO] Booting worker with pid: 489
[2019-04-12 13:31:22 +0000] [490] [INFO] Booting worker with pid: 490
[2019-04-12 13:31:22 +0000] [491] [INFO] Booting worker with pid: 491
[2019-04-12 13:31:23 +0000] [492] [INFO] Booting worker with pid: 492
/opt/graphite/webapp/graphite/local_settings.py:334: UserWarning: SECRET_KEY is set to an unsafe default. This should be set in local_settings.py for better security
/opt/graphite/webapp/graphite/local_settings.py:334: UserWarning: SECRET_KEY is set to an unsafe default. This should be set in local_settings.py for better security
/opt/graphite/webapp/graphite/local_settings.py:334: UserWarning: SECRET_KEY is set to an unsafe default. This should be set in local_settings.py for better security
/opt/graphite/webapp/graphite/local_settings.py:334: UserWarning: SECRET_KEY is set to an unsafe default. This should be set in local_settings.py for better security
/usr/lib/python2.7/site-packages/whitenoise/base.py:104: UserWarning: No directory at: /opt/graphite/static/
  warnings.warn(u'No directory at: {}'.format(root))
/usr/lib/python2.7/site-packages/whitenoise/base.py:104: UserWarning: No directory at: /opt/graphite/static/
  warnings.warn(u'No directory at: {}'.format(root))
/usr/lib/python2.7/site-packages/whitenoise/base.py:104: UserWarning: No directory at: /opt/graphite/static/
  warnings.warn(u'No directory at: {}'.format(root))
/usr/lib/python2.7/site-packages/whitenoise/base.py:104: UserWarning: No directory at: /opt/graphite/static/
  warnings.warn(u'No directory at: {}'.format(root))
[2019-04-12 13:44:52 +0000] [11] [CRITICAL] WORKER TIMEOUT (pid:489)
[2019-04-12 13:44:52 +0000] [11] [CRITICAL] WORKER TIMEOUT (pid:490)
[2019-04-12 13:44:52 +0000] [11] [CRITICAL] WORKER TIMEOUT (pid:491)
[2019-04-12 13:44:52 +0000] [489] [INFO] Worker exiting (pid: 489)
[2019-04-12 13:44:52 +0000] [11] [CRITICAL] WORKER TIMEOUT (pid:492)
[2019-04-12 13:44:52 +0000] [490] [INFO] Worker exiting (pid: 490)
[2019-04-12 13:44:52 +0000] [492] [INFO] Worker exiting (pid: 492)
[2019-04-12 13:44:52 +0000] [491] [INFO] Worker exiting (pid: 491)
[2019-04-12 13:44:52 +0000] [493] [INFO] Booting worker with pid: 493
[2019-04-12 13:44:52 +0000] [494] [INFO] Booting worker with pid: 494
[2019-04-12 13:44:52 +0000] [495] [INFO] Booting worker with pid: 495
[2019-04-12 13:44:52 +0000] [496] [INFO] Booting worker with pid: 496
/opt/graphite/webapp/graphite/local_settings.py:334: UserWarning: SECRET_KEY is set to an unsafe default. This should be set in local_settings.py for better security
/opt/graphite/webapp/graphite/local_settings.py:334: UserWarning: SECRET_KEY is set to an unsafe default. This should be set in local_settings.py for better security
/opt/graphite/webapp/graphite/local_settings.py:334: UserWarning: SECRET_KEY is set to an unsafe default. This should be set in local_settings.py for better security
/usr/lib/python2.7/site-packages/whitenoise/base.py:104: UserWarning: No directory at: /opt/graphite/static/
  warnings.warn(u'No directory at: {}'.format(root))
/usr/lib/python2.7/site-packages/whitenoise/base.py:104: UserWarning: No directory at: /opt/graphite/static/
  warnings.warn(u'No directory at: {}'.format(root))
/opt/graphite/webapp/graphite/local_settings.py:334: UserWarning: SECRET_KEY is set to an unsafe default. This should be set in local_settings.py for better security
/usr/lib/python2.7/site-packages/whitenoise/base.py:104: UserWarning: No directory at: /opt/graphite/static/
  warnings.warn(u'No directory at: {}'.format(root))
/usr/lib/python2.7/site-packages/whitenoise/base.py:104: UserWarning: No directory at: /opt/graphite/static/
  warnings.warn(u'No directory at: {}'.format(root))
[2019-04-12 20:01:40 +0000] [11] [CRITICAL] WORKER TIMEOUT (pid:496)
[2019-04-12 20:01:40 +0000] [11] [CRITICAL] WORKER TIMEOUT (pid:493)
[2019-04-12 20:01:40 +0000] [11] [CRITICAL] WORKER TIMEOUT (pid:494)
[2019-04-12 20:01:40 +0000] [11] [CRITICAL] WORKER TIMEOUT (pid:495)
[2019-04-12 20:01:40 +0000] [496] [INFO] Worker exiting (pid: 496)
[2019-04-12 20:01:40 +0000] [494] [INFO] Worker exiting (pid: 494)
[2019-04-12 20:01:40 +0000] [495] [INFO] Worker exiting (pid: 495)
[2019-04-12 20:01:40 +0000] [493] [INFO] Worker exiting (pid: 493)
[2019-04-12 20:01:40 +0000] [497] [INFO] Booting worker with pid: 497
[2019-04-12 20:01:41 +0000] [498] [INFO] Booting worker with pid: 498
[2019-04-12 20:01:41 +0000] [499] [INFO] Booting worker with pid: 499
[2019-04-12 20:01:41 +0000] [500] [INFO] Booting worker with pid: 500
/opt/graphite/webapp/graphite/local_settings.py:334: UserWarning: SECRET_KEY is set to an unsafe default. This should be set in local_settings.py for better security
/opt/graphite/webapp/graphite/local_settings.py:334: UserWarning: SECRET_KEY is set to an unsafe default. This should be set in local_settings.py for better security
/opt/graphite/webapp/graphite/local_settings.py:334: UserWarning: SECRET_KEY is set to an unsafe default. This should be set in local_settings.py for better security
/opt/graphite/webapp/graphite/local_settings.py:334: UserWarning: SECRET_KEY is set to an unsafe default. This should be set in local_settings.py for better security
/usr/lib/python2.7/site-packages/whitenoise/base.py:104: UserWarning: No directory at: /opt/graphite/static/
  warnings.warn(u'No directory at: {}'.format(root))
/usr/lib/python2.7/site-packages/whitenoise/base.py:104: UserWarning: No directory at: /opt/graphite/static/
  warnings.warn(u'No directory at: {}'.format(root))
/usr/lib/python2.7/site-packages/whitenoise/base.py:104: UserWarning: No directory at: /opt/graphite/static/
  warnings.warn(u'No directory at: {}'.format(root))
/usr/lib/python2.7/site-packages/whitenoise/base.py:104: UserWarning: No directory at: /opt/graphite/static/
  warnings.warn(u'No directory at: {}'.format(root))
[2019-04-13 00:02:13 +0000] [11] [CRITICAL] WORKER TIMEOUT (pid:497)
[2019-04-13 00:02:13 +0000] [11] [CRITICAL] WORKER TIMEOUT (pid:498)
[2019-04-13 00:02:13 +0000] [11] [CRITICAL] WORKER TIMEOUT (pid:499)
[2019-04-13 00:02:13 +0000] [11] [CRITICAL] WORKER TIMEOUT (pid:500)
[2019-04-13 00:02:13 +0000] [498] [INFO] Worker exiting (pid: 498)
[2019-04-13 00:02:13 +0000] [497] [INFO] Worker exiting (pid: 497)
[2019-04-13 00:02:13 +0000] [499] [INFO] Worker exiting (pid: 499)
[2019-04-13 00:02:13 +0000] [500] [INFO] Worker exiting (pid: 500)
[2019-04-13 00:02:13 +0000] [501] [INFO] Booting worker with pid: 501
[2019-04-13 00:02:13 +0000] [502] [INFO] Booting worker with pid: 502
[2019-04-13 00:02:13 +0000] [503] [INFO] Booting worker with pid: 503
[2019-04-13 00:02:13 +0000] [504] [INFO] Booting worker with pid: 504
/opt/graphite/webapp/graphite/local_settings.py:334: UserWarning: SECRET_KEY is set to an unsafe default. This should be set in local_settings.py for better security
/opt/graphite/webapp/graphite/local_settings.py:334: UserWarning: SECRET_KEY is set to an unsafe default. This should be set in local_settings.py for better security
/opt/graphite/webapp/graphite/local_settings.py:334: UserWarning: SECRET_KEY is set to an unsafe default. This should be set in local_settings.py for better security
/opt/graphite/webapp/graphite/local_settings.py:334: UserWarning: SECRET_KEY is set to an unsafe default. This should be set in local_settings.py for better security
/usr/lib/python2.7/site-packages/whitenoise/base.py:104: UserWarning: No directory at: /opt/graphite/static/
  warnings.warn(u'No directory at: {}'.format(root))
/usr/lib/python2.7/site-packages/whitenoise/base.py:104: UserWarning: No directory at: /opt/graphite/static/
  warnings.warn(u'No directory at: {}'.format(root))
/usr/lib/python2.7/site-packages/whitenoise/base.py:104: UserWarning: No directory at: /opt/graphite/static/
  warnings.warn(u'No directory at: {}'.format(root))
/usr/lib/python2.7/site-packages/whitenoise/base.py:104: UserWarning: No directory at: /opt/graphite/static/
  warnings.warn(u'No directory at: {}'.format(root))
[2019-04-13 00:08:06 +0000] [11] [CRITICAL] WORKER TIMEOUT (pid:501)
[2019-04-13 00:08:06 +0000] [501] [INFO] Worker exiting (pid: 501)
[2019-04-13 00:08:06 +0000] [505] [INFO] Booting worker with pid: 505
/opt/graphite/webapp/graphite/local_settings.py:334: UserWarning: SECRET_KEY is set to an unsafe default. This should be set in local_settings.py for better security
/usr/lib/python2.7/site-packages/whitenoise/base.py:104: UserWarning: No directory at: /opt/graphite/static/
  warnings.warn(u'No directory at: {}'.format(root))
[2019-04-13 20:46:17 +0000] [11] [CRITICAL] WORKER TIMEOUT (pid:502)
[2019-04-13 20:46:17 +0000] [11] [CRITICAL] WORKER TIMEOUT (pid:503)
[2019-04-13 20:46:17 +0000] [11] [CRITICAL] WORKER TIMEOUT (pid:504)
[2019-04-13 20:46:17 +0000] [11] [CRITICAL] WORKER TIMEOUT (pid:505)
[2019-04-13 20:46:17 +0000] [505] [INFO] Worker exiting (pid: 505)
[2019-04-13 20:46:17 +0000] [504] [INFO] Worker exiting (pid: 504)
[2019-04-13 20:46:17 +0000] [503] [INFO] Worker exiting (pid: 503)
[2019-04-13 20:46:17 +0000] [502] [INFO] Worker exiting (pid: 502)
[2019-04-13 20:46:17 +0000] [506] [INFO] Booting worker with pid: 506
[2019-04-13 20:46:17 +0000] [507] [INFO] Booting worker with pid: 507
[2019-04-13 20:46:17 +0000] [508] [INFO] Booting worker with pid: 508
[2019-04-13 20:46:17 +0000] [509] [INFO] Booting worker with pid: 509
/opt/graphite/webapp/graphite/local_settings.py:334: UserWarning: SECRET_KEY is set to an unsafe default. This should be set in local_settings.py for better security
/opt/graphite/webapp/graphite/local_settings.py:334: UserWarning: SECRET_KEY is set to an unsafe default. This should be set in local_settings.py for better security
/opt/graphite/webapp/graphite/local_settings.py:334: UserWarning: SECRET_KEY is set to an unsafe default. This should be set in local_settings.py for better security
/usr/lib/python2.7/site-packages/whitenoise/base.py:104: UserWarning: No directory at: /opt/graphite/static/
  warnings.warn(u'No directory at: {}'.format(root))
/opt/graphite/webapp/graphite/local_settings.py:334: UserWarning: SECRET_KEY is set to an unsafe default. This should be set in local_settings.py for better security
/usr/lib/python2.7/site-packages/whitenoise/base.py:104: UserWarning: No directory at: /opt/graphite/static/
  warnings.warn(u'No directory at: {}'.format(root))
/usr/lib/python2.7/site-packages/whitenoise/base.py:104: UserWarning: No directory at: /opt/graphite/static/
  warnings.warn(u'No directory at: {}'.format(root))
/usr/lib/python2.7/site-packages/whitenoise/base.py:104: UserWarning: No directory at: /opt/graphite/static/
  warnings.warn(u'No directory at: {}'.format(root))
[2019-04-24 13:28:10 +0000] [13] [INFO] Starting gunicorn 19.9.0
[2019-04-24 13:28:10 +0000] [13] [INFO] Listening at: http://127.0.0.1:8000 (13)
[2019-04-24 13:28:10 +0000] [13] [INFO] Using worker: sync
[2019-04-24 13:28:10 +0000] [38] [INFO] Booting worker with pid: 38
[2019-04-24 13:28:10 +0000] [39] [INFO] Booting worker with pid: 39
/opt/graphite/webapp/graphite/local_settings.py:334: UserWarning: SECRET_KEY is set to an unsafe default. This should be set in local_settings.py for better security
[2019-04-24 13:28:10 +0000] [42] [INFO] Booting worker with pid: 42
/opt/graphite/webapp/graphite/local_settings.py:334: UserWarning: SECRET_KEY is set to an unsafe default. This should be set in local_settings.py for better security
/usr/lib/python2.7/site-packages/whitenoise/base.py:104: UserWarning: No directory at: /opt/graphite/static/
  warnings.warn(u'No directory at: {}'.format(root))
/usr/lib/python2.7/site-packages/whitenoise/base.py:104: UserWarning: No directory at: /opt/graphite/static/
  warnings.warn(u'No directory at: {}'.format(root))
[2019-04-24 13:28:10 +0000] [43] [INFO] Booting worker with pid: 43
/opt/graphite/webapp/graphite/local_settings.py:334: UserWarning: SECRET_KEY is set to an unsafe default. This should be set in local_settings.py for better security
/usr/lib/python2.7/site-packages/whitenoise/base.py:104: UserWarning: No directory at: /opt/graphite/static/
  warnings.warn(u'No directory at: {}'.format(root))
/opt/graphite/webapp/graphite/local_settings.py:334: UserWarning: SECRET_KEY is set to an unsafe default. This should be set in local_settings.py for better security
/usr/lib/python2.7/site-packages/whitenoise/base.py:104: UserWarning: No directory at: /opt/graphite/static/
  warnings.warn(u'No directory at: {}'.format(root))
Traceback (most recent call last):
Traceback (most recent call last):
  File "/usr/lib/python2.7/logging/handlers.py", line 77, in emit
  File "/usr/lib/python2.7/logging/handlers.py", line 77, in emit
    self.doRollover()
    self.doRollover()
  File "/usr/lib/python2.7/logging/handlers.py", line 350, in doRollover
  File "/usr/lib/python2.7/logging/handlers.py", line 350, in doRollover
    os.rename(self.baseFilename, dfn)
OSError: [Errno 2] No such file or directory
Logged from file logger.py, line 88
    os.rename(self.baseFilename, dfn)
OSError: [Errno 2] No such file or directory
Logged from file logger.py, line 88
Traceback (most recent call last):
  File "/usr/lib/python2.7/logging/handlers.py", line 77, in emit
    self.doRollover()
  File "/usr/lib/python2.7/logging/handlers.py", line 350, in doRollover
    os.rename(self.baseFilename, dfn)
OSError: [Errno 2] No such file or directory
Logged from file logger.py, line 88
[2019-04-24 13:31:17 +0000] [13] [INFO] Handling signal: term
[2019-04-24 13:31:17 +0000] [43] [INFO] Worker exiting (pid: 43)
[2019-04-24 13:31:17 +0000] [42] [INFO] Worker exiting (pid: 42)
[2019-04-24 13:31:17 +0000] [39] [INFO] Worker exiting (pid: 39)
[2019-04-24 13:31:17 +0000] [38] [INFO] Worker exiting (pid: 38)
[2019-04-24 13:31:17 +0000] [13] [INFO] Shutting down: Master
